2019-08-28 16:41:45,977 INFO 44095 [egg-schedule]: register schedule /Users/hys/Documents/2019/egg-blog/node_modules/_egg-multipart@2.9.0@egg-multipart/app/schedule/clean_tmpdir.js
2019-08-28 16:41:45,977 INFO 44095 [egg-schedule]: register schedule /Users/hys/Documents/2019/egg-blog/node_modules/_egg-logrotator@3.1.0@egg-logrotator/app/schedule/clean_log.js
2019-08-28 16:41:45,977 INFO 44095 [egg-schedule]: register schedule /Users/hys/Documents/2019/egg-blog/node_modules/_egg-logrotator@3.1.0@egg-logrotator/app/schedule/rotate_by_file.js
2019-08-28 16:41:46,806 INFO 44094 [Timer] /Users/hys/Documents/2019/egg-blog/node_modules/_egg-multipart@2.9.0@egg-multipart/app/schedule/clean_tmpdir.js next time will execute after 42493200ms at 2019-08-29 04:30:00.006
2019-08-28 16:41:46,807 INFO 44094 [Timer] /Users/hys/Documents/2019/egg-blog/node_modules/_egg-logrotator@3.1.0@egg-logrotator/app/schedule/clean_log.js next time will execute after 26293193ms at 2019-08-29 00:00:00.000
2019-08-28 16:41:46,807 INFO 44094 [Timer] /Users/hys/Documents/2019/egg-blog/node_modules/_egg-logrotator@3.1.0@egg-logrotator/app/schedule/rotate_by_file.js next time will execute after 26294193ms at 2019-08-29 00:00:01.000
2019-08-28 16:45:44,859 INFO 44115 [egg-schedule]: register schedule /Users/hys/Documents/2019/egg-blog/node_modules/_egg-multipart@2.9.0@egg-multipart/app/schedule/clean_tmpdir.js
2019-08-28 16:45:44,859 INFO 44115 [egg-schedule]: register schedule /Users/hys/Documents/2019/egg-blog/node_modules/_egg-logrotator@3.1.0@egg-logrotator/app/schedule/clean_log.js
2019-08-28 16:45:44,859 INFO 44115 [egg-schedule]: register schedule /Users/hys/Documents/2019/egg-blog/node_modules/_egg-logrotator@3.1.0@egg-logrotator/app/schedule/rotate_by_file.js
2019-08-28 16:47:11,319 INFO 44142 [egg-schedule]: register schedule /Users/hys/Documents/2019/egg-blog/node_modules/_egg-multipart@2.9.0@egg-multipart/app/schedule/clean_tmpdir.js
2019-08-28 16:47:11,319 INFO 44142 [egg-schedule]: register schedule /Users/hys/Documents/2019/egg-blog/node_modules/_egg-logrotator@3.1.0@egg-logrotator/app/schedule/clean_log.js
2019-08-28 16:47:11,319 INFO 44142 [egg-schedule]: register schedule /Users/hys/Documents/2019/egg-blog/node_modules/_egg-logrotator@3.1.0@egg-logrotator/app/schedule/rotate_by_file.js
2019-08-28 16:48:57,397 INFO 44467 [egg-schedule]: register schedule /Users/hys/Documents/2019/egg-blog/node_modules/_egg-multipart@2.9.0@egg-multipart/app/schedule/clean_tmpdir.js
2019-08-28 16:48:57,397 INFO 44467 [egg-schedule]: register schedule /Users/hys/Documents/2019/egg-blog/node_modules/_egg-logrotator@3.1.0@egg-logrotator/app/schedule/clean_log.js
2019-08-28 16:48:57,397 INFO 44467 [egg-schedule]: register schedule /Users/hys/Documents/2019/egg-blog/node_modules/_egg-logrotator@3.1.0@egg-logrotator/app/schedule/rotate_by_file.js
2019-08-28 16:49:01,096 INFO 44474 [egg-schedule]: register schedule /Users/hys/Documents/2019/egg-blog/node_modules/_egg-multipart@2.9.0@egg-multipart/app/schedule/clean_tmpdir.js
2019-08-28 16:49:01,096 INFO 44474 [egg-schedule]: register schedule /Users/hys/Documents/2019/egg-blog/node_modules/_egg-logrotator@3.1.0@egg-logrotator/app/schedule/clean_log.js
2019-08-28 16:49:01,096 INFO 44474 [egg-schedule]: register schedule /Users/hys/Documents/2019/egg-blog/node_modules/_egg-logrotator@3.1.0@egg-logrotator/app/schedule/rotate_by_file.js
2019-08-28 16:49:53,713 INFO 44515 [egg-schedule]: register schedule /Users/hys/Documents/2019/egg-blog/node_modules/_egg-multipart@2.9.0@egg-multipart/app/schedule/clean_tmpdir.js
2019-08-28 16:49:53,713 INFO 44515 [egg-schedule]: register schedule /Users/hys/Documents/2019/egg-blog/node_modules/_egg-logrotator@3.1.0@egg-logrotator/app/schedule/clean_log.js
2019-08-28 16:49:53,713 INFO 44515 [egg-schedule]: register schedule /Users/hys/Documents/2019/egg-blog/node_modules/_egg-logrotator@3.1.0@egg-logrotator/app/schedule/rotate_by_file.js
2019-08-28 16:49:55,178 INFO 44521 [egg-schedule]: register schedule /Users/hys/Documents/2019/egg-blog/node_modules/_egg-multipart@2.9.0@egg-multipart/app/schedule/clean_tmpdir.js
2019-08-28 16:49:55,178 INFO 44521 [egg-schedule]: register schedule /Users/hys/Documents/2019/egg-blog/node_modules/_egg-logrotator@3.1.0@egg-logrotator/app/schedule/clean_log.js
2019-08-28 16:49:55,179 INFO 44521 [egg-schedule]: register schedule /Users/hys/Documents/2019/egg-blog/node_modules/_egg-logrotator@3.1.0@egg-logrotator/app/schedule/rotate_by_file.js
2019-08-28 16:49:59,207 INFO 44522 [egg-schedule]: register schedule /Users/hys/Documents/2019/egg-blog/node_modules/_egg-multipart@2.9.0@egg-multipart/app/schedule/clean_tmpdir.js
2019-08-28 16:49:59,207 INFO 44522 [egg-schedule]: register schedule /Users/hys/Documents/2019/egg-blog/node_modules/_egg-logrotator@3.1.0@egg-logrotator/app/schedule/clean_log.js
2019-08-28 16:49:59,207 INFO 44522 [egg-schedule]: register schedule /Users/hys/Documents/2019/egg-blog/node_modules/_egg-logrotator@3.1.0@egg-logrotator/app/schedule/rotate_by_file.js
2019-08-28 16:50:23,203 INFO 44535 [egg-schedule]: register schedule /Users/hys/Documents/2019/egg-blog/node_modules/_egg-multipart@2.9.0@egg-multipart/app/schedule/clean_tmpdir.js
2019-08-28 16:50:23,203 INFO 44535 [egg-schedule]: register schedule /Users/hys/Documents/2019/egg-blog/node_modules/_egg-logrotator@3.1.0@egg-logrotator/app/schedule/clean_log.js
2019-08-28 16:50:23,203 INFO 44535 [egg-schedule]: register schedule /Users/hys/Documents/2019/egg-blog/node_modules/_egg-logrotator@3.1.0@egg-logrotator/app/schedule/rotate_by_file.js
2019-08-28 16:50:25,443 INFO 44536 [egg-schedule]: register schedule /Users/hys/Documents/2019/egg-blog/node_modules/_egg-multipart@2.9.0@egg-multipart/app/schedule/clean_tmpdir.js
2019-08-28 16:50:25,443 INFO 44536 [egg-schedule]: register schedule /Users/hys/Documents/2019/egg-blog/node_modules/_egg-logrotator@3.1.0@egg-logrotator/app/schedule/clean_log.js
2019-08-28 16:50:25,443 INFO 44536 [egg-schedule]: register schedule /Users/hys/Documents/2019/egg-blog/node_modules/_egg-logrotator@3.1.0@egg-logrotator/app/schedule/rotate_by_file.js
2019-08-28 16:50:33,353 INFO 44548 [egg-schedule]: register schedule /Users/hys/Documents/2019/egg-blog/node_modules/_egg-multipart@2.9.0@egg-multipart/app/schedule/clean_tmpdir.js
2019-08-28 16:50:33,353 INFO 44548 [egg-schedule]: register schedule /Users/hys/Documents/2019/egg-blog/node_modules/_egg-logrotator@3.1.0@egg-logrotator/app/schedule/clean_log.js
2019-08-28 16:50:33,353 INFO 44548 [egg-schedule]: register schedule /Users/hys/Documents/2019/egg-blog/node_modules/_egg-logrotator@3.1.0@egg-logrotator/app/schedule/rotate_by_file.js
2019-08-28 16:50:35,255 INFO 44554 [egg-schedule]: register schedule /Users/hys/Documents/2019/egg-blog/node_modules/_egg-multipart@2.9.0@egg-multipart/app/schedule/clean_tmpdir.js
2019-08-28 16:50:35,255 INFO 44554 [egg-schedule]: register schedule /Users/hys/Documents/2019/egg-blog/node_modules/_egg-logrotator@3.1.0@egg-logrotator/app/schedule/clean_log.js
2019-08-28 16:50:35,255 INFO 44554 [egg-schedule]: register schedule /Users/hys/Documents/2019/egg-blog/node_modules/_egg-logrotator@3.1.0@egg-logrotator/app/schedule/rotate_by_file.js
2019-08-28 16:50:50,183 INFO 44560 [egg-schedule]: register schedule /Users/hys/Documents/2019/egg-blog/node_modules/_egg-multipart@2.9.0@egg-multipart/app/schedule/clean_tmpdir.js
2019-08-28 16:50:50,183 INFO 44560 [egg-schedule]: register schedule /Users/hys/Documents/2019/egg-blog/node_modules/_egg-logrotator@3.1.0@egg-logrotator/app/schedule/clean_log.js
2019-08-28 16:50:50,183 INFO 44560 [egg-schedule]: register schedule /Users/hys/Documents/2019/egg-blog/node_modules/_egg-logrotator@3.1.0@egg-logrotator/app/schedule/rotate_by_file.js
2019-08-28 16:50:51,678 INFO 44566 [egg-schedule]: register schedule /Users/hys/Documents/2019/egg-blog/node_modules/_egg-multipart@2.9.0@egg-multipart/app/schedule/clean_tmpdir.js
2019-08-28 16:50:51,678 INFO 44566 [egg-schedule]: register schedule /Users/hys/Documents/2019/egg-blog/node_modules/_egg-logrotator@3.1.0@egg-logrotator/app/schedule/clean_log.js
2019-08-28 16:50:51,678 INFO 44566 [egg-schedule]: register schedule /Users/hys/Documents/2019/egg-blog/node_modules/_egg-logrotator@3.1.0@egg-logrotator/app/schedule/rotate_by_file.js
2019-08-28 16:50:52,624 INFO 44567 [egg-schedule]: register schedule /Users/hys/Documents/2019/egg-blog/node_modules/_egg-multipart@2.9.0@egg-multipart/app/schedule/clean_tmpdir.js
2019-08-28 16:50:52,624 INFO 44567 [egg-schedule]: register schedule /Users/hys/Documents/2019/egg-blog/node_modules/_egg-logrotator@3.1.0@egg-logrotator/app/schedule/clean_log.js
2019-08-28 16:50:52,624 INFO 44567 [egg-schedule]: register schedule /Users/hys/Documents/2019/egg-blog/node_modules/_egg-logrotator@3.1.0@egg-logrotator/app/schedule/rotate_by_file.js
2019-08-28 16:50:54,517 INFO 44568 [egg-schedule]: register schedule /Users/hys/Documents/2019/egg-blog/node_modules/_egg-multipart@2.9.0@egg-multipart/app/schedule/clean_tmpdir.js
2019-08-28 16:50:54,517 INFO 44568 [egg-schedule]: register schedule /Users/hys/Documents/2019/egg-blog/node_modules/_egg-logrotator@3.1.0@egg-logrotator/app/schedule/clean_log.js
2019-08-28 16:50:54,517 INFO 44568 [egg-schedule]: register schedule /Users/hys/Documents/2019/egg-blog/node_modules/_egg-logrotator@3.1.0@egg-logrotator/app/schedule/rotate_by_file.js
2019-08-28 16:51:02,486 INFO 44579 [egg-schedule]: register schedule /Users/hys/Documents/2019/egg-blog/node_modules/_egg-multipart@2.9.0@egg-multipart/app/schedule/clean_tmpdir.js
2019-08-28 16:51:02,486 INFO 44579 [egg-schedule]: register schedule /Users/hys/Documents/2019/egg-blog/node_modules/_egg-logrotator@3.1.0@egg-logrotator/app/schedule/clean_log.js
2019-08-28 16:51:02,486 INFO 44579 [egg-schedule]: register schedule /Users/hys/Documents/2019/egg-blog/node_modules/_egg-logrotator@3.1.0@egg-logrotator/app/schedule/rotate_by_file.js
2019-08-28 16:51:05,892 INFO 44582 [egg-schedule]: register schedule /Users/hys/Documents/2019/egg-blog/node_modules/_egg-multipart@2.9.0@egg-multipart/app/schedule/clean_tmpdir.js
2019-08-28 16:51:05,892 INFO 44582 [egg-schedule]: register schedule /Users/hys/Documents/2019/egg-blog/node_modules/_egg-logrotator@3.1.0@egg-logrotator/app/schedule/clean_log.js
2019-08-28 16:51:05,892 INFO 44582 [egg-schedule]: register schedule /Users/hys/Documents/2019/egg-blog/node_modules/_egg-logrotator@3.1.0@egg-logrotator/app/schedule/rotate_by_file.js
2019-08-28 16:51:09,421 INFO 44588 [egg-schedule]: register schedule /Users/hys/Documents/2019/egg-blog/node_modules/_egg-multipart@2.9.0@egg-multipart/app/schedule/clean_tmpdir.js
2019-08-28 16:51:09,421 INFO 44588 [egg-schedule]: register schedule /Users/hys/Documents/2019/egg-blog/node_modules/_egg-logrotator@3.1.0@egg-logrotator/app/schedule/clean_log.js
2019-08-28 16:51:09,421 INFO 44588 [egg-schedule]: register schedule /Users/hys/Documents/2019/egg-blog/node_modules/_egg-logrotator@3.1.0@egg-logrotator/app/schedule/rotate_by_file.js
2019-08-28 16:51:10,811 INFO 44589 [egg-schedule]: register schedule /Users/hys/Documents/2019/egg-blog/node_modules/_egg-multipart@2.9.0@egg-multipart/app/schedule/clean_tmpdir.js
2019-08-28 16:51:10,811 INFO 44589 [egg-schedule]: register schedule /Users/hys/Documents/2019/egg-blog/node_modules/_egg-logrotator@3.1.0@egg-logrotator/app/schedule/clean_log.js
2019-08-28 16:51:10,811 INFO 44589 [egg-schedule]: register schedule /Users/hys/Documents/2019/egg-blog/node_modules/_egg-logrotator@3.1.0@egg-logrotator/app/schedule/rotate_by_file.js
2019-08-28 16:51:13,120 INFO 44595 [egg-schedule]: register schedule /Users/hys/Documents/2019/egg-blog/node_modules/_egg-multipart@2.9.0@egg-multipart/app/schedule/clean_tmpdir.js
2019-08-28 16:51:13,120 INFO 44595 [egg-schedule]: register schedule /Users/hys/Documents/2019/egg-blog/node_modules/_egg-logrotator@3.1.0@egg-logrotator/app/schedule/clean_log.js
2019-08-28 16:51:13,120 INFO 44595 [egg-schedule]: register schedule /Users/hys/Documents/2019/egg-blog/node_modules/_egg-logrotator@3.1.0@egg-logrotator/app/schedule/rotate_by_file.js
2019-08-28 16:51:17,377 INFO 44601 [egg-schedule]: register schedule /Users/hys/Documents/2019/egg-blog/node_modules/_egg-multipart@2.9.0@egg-multipart/app/schedule/clean_tmpdir.js
2019-08-28 16:51:17,378 INFO 44601 [egg-schedule]: register schedule /Users/hys/Documents/2019/egg-blog/node_modules/_egg-logrotator@3.1.0@egg-logrotator/app/schedule/clean_log.js
2019-08-28 16:51:17,378 INFO 44601 [egg-schedule]: register schedule /Users/hys/Documents/2019/egg-blog/node_modules/_egg-logrotator@3.1.0@egg-logrotator/app/schedule/rotate_by_file.js
2019-08-28 16:51:57,810 INFO 44613 [egg-schedule]: register schedule /Users/hys/Documents/2019/egg-blog/node_modules/_egg-multipart@2.9.0@egg-multipart/app/schedule/clean_tmpdir.js
2019-08-28 16:51:57,810 INFO 44613 [egg-schedule]: register schedule /Users/hys/Documents/2019/egg-blog/node_modules/_egg-logrotator@3.1.0@egg-logrotator/app/schedule/clean_log.js
2019-08-28 16:51:57,810 INFO 44613 [egg-schedule]: register schedule /Users/hys/Documents/2019/egg-blog/node_modules/_egg-logrotator@3.1.0@egg-logrotator/app/schedule/rotate_by_file.js
2019-08-28 16:51:59,597 INFO 44619 [egg-schedule]: register schedule /Users/hys/Documents/2019/egg-blog/node_modules/_egg-multipart@2.9.0@egg-multipart/app/schedule/clean_tmpdir.js
2019-08-28 16:51:59,597 INFO 44619 [egg-schedule]: register schedule /Users/hys/Documents/2019/egg-blog/node_modules/_egg-logrotator@3.1.0@egg-logrotator/app/schedule/clean_log.js
2019-08-28 16:51:59,597 INFO 44619 [egg-schedule]: register schedule /Users/hys/Documents/2019/egg-blog/node_modules/_egg-logrotator@3.1.0@egg-logrotator/app/schedule/rotate_by_file.js
2019-08-28 16:52:03,430 INFO 44620 [egg-schedule]: register schedule /Users/hys/Documents/2019/egg-blog/node_modules/_egg-multipart@2.9.0@egg-multipart/app/schedule/clean_tmpdir.js
2019-08-28 16:52:03,430 INFO 44620 [egg-schedule]: register schedule /Users/hys/Documents/2019/egg-blog/node_modules/_egg-logrotator@3.1.0@egg-logrotator/app/schedule/clean_log.js
2019-08-28 16:52:03,430 INFO 44620 [egg-schedule]: register schedule /Users/hys/Documents/2019/egg-blog/node_modules/_egg-logrotator@3.1.0@egg-logrotator/app/schedule/rotate_by_file.js
2019-08-28 16:52:10,250 INFO 44631 [egg-schedule]: register schedule /Users/hys/Documents/2019/egg-blog/node_modules/_egg-multipart@2.9.0@egg-multipart/app/schedule/clean_tmpdir.js
2019-08-28 16:52:10,250 INFO 44631 [egg-schedule]: register schedule /Users/hys/Documents/2019/egg-blog/node_modules/_egg-logrotator@3.1.0@egg-logrotator/app/schedule/clean_log.js
2019-08-28 16:52:10,250 INFO 44631 [egg-schedule]: register schedule /Users/hys/Documents/2019/egg-blog/node_modules/_egg-logrotator@3.1.0@egg-logrotator/app/schedule/rotate_by_file.js
2019-08-28 16:52:11,512 INFO 44632 [egg-schedule]: register schedule /Users/hys/Documents/2019/egg-blog/node_modules/_egg-multipart@2.9.0@egg-multipart/app/schedule/clean_tmpdir.js
2019-08-28 16:52:11,512 INFO 44632 [egg-schedule]: register schedule /Users/hys/Documents/2019/egg-blog/node_modules/_egg-logrotator@3.1.0@egg-logrotator/app/schedule/clean_log.js
2019-08-28 16:52:11,512 INFO 44632 [egg-schedule]: register schedule /Users/hys/Documents/2019/egg-blog/node_modules/_egg-logrotator@3.1.0@egg-logrotator/app/schedule/rotate_by_file.js
2019-08-28 16:52:40,152 INFO 44648 [egg-schedule]: register schedule /Users/hys/Documents/2019/egg-blog/node_modules/_egg-multipart@2.9.0@egg-multipart/app/schedule/clean_tmpdir.js
2019-08-28 16:52:40,152 INFO 44648 [egg-schedule]: register schedule /Users/hys/Documents/2019/egg-blog/node_modules/_egg-logrotator@3.1.0@egg-logrotator/app/schedule/clean_log.js
2019-08-28 16:52:40,152 INFO 44648 [egg-schedule]: register schedule /Users/hys/Documents/2019/egg-blog/node_modules/_egg-logrotator@3.1.0@egg-logrotator/app/schedule/rotate_by_file.js
2019-08-28 16:52:50,071 INFO 44692 [egg-schedule]: register schedule /Users/hys/Documents/2019/egg-blog/node_modules/_egg-multipart@2.9.0@egg-multipart/app/schedule/clean_tmpdir.js
2019-08-28 16:52:50,071 INFO 44692 [egg-schedule]: register schedule /Users/hys/Documents/2019/egg-blog/node_modules/_egg-logrotator@3.1.0@egg-logrotator/app/schedule/clean_log.js
2019-08-28 16:52:50,071 INFO 44692 [egg-schedule]: register schedule /Users/hys/Documents/2019/egg-blog/node_modules/_egg-logrotator@3.1.0@egg-logrotator/app/schedule/rotate_by_file.js
2019-08-28 16:52:50,663 INFO 44687 [Timer] /Users/hys/Documents/2019/egg-blog/node_modules/_egg-multipart@2.9.0@egg-multipart/app/schedule/clean_tmpdir.js next time will execute after 41829340ms at 2019-08-29 04:30:00.003
2019-08-28 16:52:50,663 INFO 44687 [Timer] /Users/hys/Documents/2019/egg-blog/node_modules/_egg-logrotator@3.1.0@egg-logrotator/app/schedule/clean_log.js next time will execute after 25629337ms at 2019-08-29 00:00:00.000
2019-08-28 16:52:50,664 INFO 44687 [Timer] /Users/hys/Documents/2019/egg-blog/node_modules/_egg-logrotator@3.1.0@egg-logrotator/app/schedule/rotate_by_file.js next time will execute after 25630337ms at 2019-08-29 00:00:01.001
